mode: set
caravan/internal/gcp/gcp.go:20.47,21.36 1 1
caravan/internal/gcp/gcp.go:24.2,24.29 1 1
caravan/internal/gcp/gcp.go:21.36,23.3 1 1
caravan/internal/gcp/gcp.go:27.27,29.76 2 0
caravan/internal/gcp/gcp.go:32.2,32.12 1 0
caravan/internal/gcp/gcp.go:29.76,31.3 1 0
caravan/internal/gcp/gcp.go:35.28,36.76 1 0
caravan/internal/gcp/gcp.go:39.2,39.12 1 0
caravan/internal/gcp/gcp.go:36.76,38.3 1 0
caravan/internal/gcp/gcp.go:42.46,45.2 2 0
caravan/internal/gcp/gcp.go:47.46,50.2 2 0
caravan/internal/gcp/gcp.go:51.45,54.2 2 0
caravan/internal/gcp/gcp.go:55.49,58.2 2 0
caravan/internal/gcp/gcp.go:60.49,63.2 2 0
caravan/internal/gcp/gcp.go:65.37,68.2 2 0
caravan/internal/gcp/gcp.go:71.52,74.16 3 0
caravan/internal/gcp/gcp.go:78.2,84.16 3 0
caravan/internal/gcp/gcp.go:96.2,96.26 1 0
caravan/internal/gcp/gcp.go:106.2,106.56 1 0
caravan/internal/gcp/gcp.go:74.16,76.3 1 0
caravan/internal/gcp/gcp.go:84.16,86.53 2 0
caravan/internal/gcp/gcp.go:93.3,93.13 1 0
caravan/internal/gcp/gcp.go:86.53,88.30 2 0
caravan/internal/gcp/gcp.go:91.4,91.14 1 0
caravan/internal/gcp/gcp.go:88.30,90.5 1 0
caravan/internal/gcp/gcp.go:96.26,98.17 2 0
caravan/internal/gcp/gcp.go:101.3,101.16 1 0
caravan/internal/gcp/gcp.go:104.3,104.30 1 0
caravan/internal/gcp/gcp.go:98.17,100.4 1 0
caravan/internal/gcp/gcp.go:101.16,103.4 1 0
caravan/internal/gcp/gcp.go:110.61,114.16 3 0
caravan/internal/gcp/gcp.go:118.2,119.16 2 0
caravan/internal/gcp/gcp.go:123.2,123.14 1 0
caravan/internal/gcp/gcp.go:127.2,127.35 1 0
caravan/internal/gcp/gcp.go:131.2,132.16 2 0
caravan/internal/gcp/gcp.go:137.2,138.16 2 0
caravan/internal/gcp/gcp.go:141.2,141.14 1 0
caravan/internal/gcp/gcp.go:145.2,145.35 1 0
caravan/internal/gcp/gcp.go:148.2,148.12 1 0
caravan/internal/gcp/gcp.go:114.16,116.3 1 0
caravan/internal/gcp/gcp.go:119.16,121.3 1 0
caravan/internal/gcp/gcp.go:123.14,125.3 1 0
caravan/internal/gcp/gcp.go:127.35,129.3 1 0
caravan/internal/gcp/gcp.go:132.16,134.3 1 0
caravan/internal/gcp/gcp.go:138.16,140.3 1 0
caravan/internal/gcp/gcp.go:141.14,143.3 1 0
caravan/internal/gcp/gcp.go:145.35,147.3 1 0
caravan/internal/gcp/gcp.go:151.97,155.16 3 0
caravan/internal/gcp/gcp.go:159.2,161.16 3 0
caravan/internal/gcp/gcp.go:165.2,165.29 1 0
caravan/internal/gcp/gcp.go:169.2,169.29 1 0
caravan/internal/gcp/gcp.go:173.2,173.30 1 0
caravan/internal/gcp/gcp.go:155.16,157.3 1 0
caravan/internal/gcp/gcp.go:161.16,163.3 1 0
caravan/internal/gcp/gcp.go:165.29,167.3 1 0
caravan/internal/gcp/gcp.go:169.29,171.3 1 0
caravan/internal/gcp/gcp.go:176.39,178.16 2 1
caravan/internal/gcp/gcp.go:181.2,181.8 1 1
caravan/internal/gcp/gcp.go:184.2,184.37 1 1
caravan/internal/gcp/gcp.go:187.2,187.12 1 1
caravan/internal/gcp/gcp.go:178.16,180.3 1 0
caravan/internal/gcp/gcp.go:181.8,183.3 1 1
caravan/internal/gcp/gcp.go:184.37,186.3 1 1
